<?xml version="1.0" encoding="UTF-8"?>
<!-- Generated by org.testng.reporters.JUnitXMLReporter -->
<testsuite ignored="0" hostname="DESKTOP-HE12FRR" failures="1" tests="7" name="Test" time="0.109" errors="0" timestamp="2021-05-09T20:56:24 IST">
  <testcase classname="com.TestNg1.My_Test" name="credentials" time="0.016">
    <skipped/>
  </testcase> <!-- credentials -->
  <testcase classname="com.TestNg1.My_Test" name="credentials" time="0.015">
    <skipped/>
  </testcase> <!-- credentials -->
  <testcase classname="com.TestNg1.My_Test" name="credentials" time="0.0">
    <skipped/>
  </testcase> <!-- credentials -->
  <testcase classname="com.TestNg1.My_Test" name="credentials" time="0.016">
    <skipped/>
  </testcase> <!-- credentials -->
  <testcase classname="com.TestNg1.My_Test" name="credentials" time="0.0">
    <skipped/>
  </testcase> <!-- credentials -->
  <testcase classname="com.TestNg1.My_Test" name="credentials" time="0.015">
    <failure type="java.lang.AssertionError" message="expected [smith] but found [starc]">
      <![CDATA[java.lang.AssertionError: expected [smith] but found [starc]
at com.TestNg1.My_Test.credentials(My_Test.java:13)
at java.base/java.util.ArrayList.forEach(ArrayList.java:1511)
... Removed 33 stack frames]]>
    </failure>
  </testcase> <!-- credentials -->
  <testcase classname="com.TestNg1.My_Test" name="credentials1" time="0.0"/>
</testsuite> <!-- Test -->
